<?xml version="1.0" ?>
<!DOCTYPE coverage SYSTEM "http://cobertura.sourceforge.net/xml/coverage-04.dtd">
<coverage lines-valid="12"  lines-covered="12"  line-rate="1"  branches-valid="0"  branches-covered="0"  branch-rate="1"  timestamp="1446533958360" complexity="0" version="0.1">
<sources>
	<source>D:\shippable\NEW\usingNgRoutes</source>
</sources>
<packages>
	<package name="mochaTestSuite"  line-rate="1"  branch-rate="1" >
	<classes>
		<class name="mochatest.js"  filename="tests\mochaTestSuite\mochatest.js"  line-rate="1"  branch-rate="1" >
		<methods>
			<method name="(anonymous_1)"  hits="1"  signature="()V" >
				<lines><line number="10"  hits="1" /></lines>
			</method>
			<method name="(anonymous_2)"  hits="1"  signature="()V" >
				<lines><line number="14"  hits="1" /></lines>
			</method>
			<method name="(anonymous_3)"  hits="1"  signature="()V" >
				<lines><line number="21"  hits="1" /></lines>
			</method>
			<method name="(anonymous_4)"  hits="1"  signature="()V" >
				<lines><line number="31"  hits="1" /></lines>
			</method>
			<method name="(anonymous_5)"  hits="1"  signature="()V" >
				<lines><line number="38"  hits="1" /></lines>
			</method>
		</methods>
		<lines>
			<line number="1"  hits="1"  branch="false" />
			<line number="2"  hits="1"  branch="false" />
			<line number="6"  hits="1"  branch="false" />
			<line number="10"  hits="1"  branch="false" />
			<line number="14"  hits="1"  branch="false" />
			<line number="17"  hits="1"  branch="false" />
			<line number="23"  hits="1"  branch="false" />
			<line number="26"  hits="1"  branch="false" />
			<line number="31"  hits="1"  branch="false" />
			<line number="34"  hits="1"  branch="false" />
			<line number="40"  hits="1"  branch="false" />
			<line number="43"  hits="1"  branch="false" />
		</lines>
		</class>
	</classes>
	</package>
</packages>
</coverage>
