{"D:\\shippable\\NEW\\usingNgRoutes\\tests\\mochaTestSuite\\mochatest.js":{"path":"D:\\shippable\\NEW\\usingNgRoutes\\tests\\mochaTestSuite\\mochatest.js","s":{"1":1,"2":1,"3":1,"4":1,"5":1,"6":1,"7":1,"8":1,"9":1,"10":1,"11":1,"12":1},"b":{},"f":{"1":1,"2":1,"3":1,"4":1,"5":1},"fnMap":{"1":{"name":"(anonymous_1)","line":10,"loc":{"start":{"line":10,"column":28},"end":{"line":10,"column":38}}},"2":{"name":"(anonymous_2)","line":14,"loc":{"start":{"line":14,"column":19},"end":{"line":14,"column":33}}},"3":{"name":"(anonymous_3)","line":21,"loc":{"start":{"line":21,"column":9},"end":{"line":21,"column":26}}},"4":{"name":"(anonymous_4)","line":31,"loc":{"start":{"line":31,"column":22},"end":{"line":31,"column":36}}},"5":{"name":"(anonymous_5)","line":38,"loc":{"start":{"line":38,"column":9},"end":{"line":38,"column":26}}}},"statementMap":{"1":{"start":{"line":1,"column":0},"end":{"line":1,"column":37}},"2":{"start":{"line":2,"column":0},"end":{"line":2,"column":31}},"3":{"start":{"line":6,"column":0},"end":{"line":6,"column":54}},"4":{"start":{"line":10,"column":0},"end":{"line":47,"column":2}},"5":{"start":{"line":14,"column":2},"end":{"line":28,"column":5}},"6":{"start":{"line":17,"column":4},"end":{"line":27,"column":7}},"7":{"start":{"line":23,"column":6},"end":{"line":23,"column":35}},"8":{"start":{"line":26,"column":6},"end":{"line":26,"column":13}},"9":{"start":{"line":31,"column":6},"end":{"line":45,"column":5}},"10":{"start":{"line":34,"column":4},"end":{"line":44,"column":7}},"11":{"start":{"line":40,"column":6},"end":{"line":40,"column":35}},"12":{"start":{"line":43,"column":6},"end":{"line":43,"column":13}}},"branchMap":{}}}